This is pdfTeX, Version 3.14159265-2.6-1.40.21 (TeX Live 2020) (preloaded format=pdflatex 2020.12.7)  11 DEC 2020 01:13
entering extended mode
 restricted \write18 enabled.
 file:line:error style messages enabled.
 %&-line parsing enabled.
**main.tex
(/Users/mason/Documents/LaTex Files/ECM1407/Essay1/main.tex
LaTeX2e <2020-02-02> patch level 5
L3 programming layer <2020-03-06>
(/usr/local/texlive/2020/texmf-dist/tex/latex/amscls/amsart.cls
Document Class: amsart 2017/10/31 v2.20.4
\linespacing=\dimen134
\normalparindent=\dimen135
\normaltopskip=\skip47
(/usr/local/texlive/2020/texmf-dist/tex/latex/amsmath/amsmath.sty
Package: amsmath 2020/01/20 v2.17e AMS math features
\@mathmargin=\skip48

For additional information on amsmath, use the `?' option.
(/usr/local/texlive/2020/texmf-dist/tex/latex/amsmath/amstext.sty
Package: amstext 2000/06/29 v2.01 AMS text

(/usr/local/texlive/2020/texmf-dist/tex/latex/amsmath/amsgen.sty
File: amsgen.sty 1999/11/30 v2.0 generic functions
\@emptytoks=\toks15
\ex@=\dimen136
))
(/usr/local/texlive/2020/texmf-dist/tex/latex/amsmath/amsbsy.sty
Package: amsbsy 1999/11/29 v1.2d Bold Symbols
\pmbraise@=\dimen137
)
(/usr/local/texlive/2020/texmf-dist/tex/latex/amsmath/amsopn.sty
Package: amsopn 2016/03/08 v2.02 operator names
)
\inf@bad=\count167
LaTeX Info: Redefining \frac on input line 227.
\uproot@=\count168
\leftroot@=\count169
LaTeX Info: Redefining \overline on input line 389.
\classnum@=\count170
\DOTSCASE@=\count171
LaTeX Info: Redefining \ldots on input line 486.
LaTeX Info: Redefining \dots on input line 489.
LaTeX Info: Redefining \cdots on input line 610.
\Mathstrutbox@=\box45
\strutbox@=\box46
\big@size=\dimen138
LaTeX Font Info:    Redeclaring font encoding OML on input line 733.
LaTeX Font Info:    Redeclaring font encoding OMS on input line 734.
\macc@depth=\count172
\c@MaxMatrixCols=\count173
\dotsspace@=\muskip16
\c@parentequation=\count174
\dspbrk@lvl=\count175
\tag@help=\toks16
\row@=\count176
\column@=\count177
\maxfields@=\count178
\andhelp@=\toks17
\eqnshift@=\dimen139
\alignsep@=\dimen140
\tagshift@=\dimen141
\tagwidth@=\dimen142
\totwidth@=\dimen143
\lineht@=\dimen144
\@envbody=\toks18
\multlinegap=\skip49
\multlinetaggap=\skip50
\mathdisplay@stack=\toks19
LaTeX Info: Redefining \[ on input line 2859.
LaTeX Info: Redefining \] on input line 2860.
)
LaTeX Font Info:    Trying to load font information for U+msa on input line 398
.

(/usr/local/texlive/2020/texmf-dist/tex/latex/amsfonts/umsa.fd
File: umsa.fd 2013/01/14 v3.01 AMS symbols A
)
(/usr/local/texlive/2020/texmf-dist/tex/latex/amsfonts/amsfonts.sty
Package: amsfonts 2013/01/14 v3.01 Basic AMSFonts support
\symAMSa=\mathgroup4
\symAMSb=\mathgroup5
LaTeX Font Info:    Redeclaring math symbol \hbar on input line 98.
LaTeX Font Info:    Overwriting math alphabet `\mathfrak' in version `bold'
(Font)                  U/euf/m/n --> U/euf/b/n on input line 106.
)
\copyins=\insert199
\abstractbox=\box47
\listisep=\skip51
\c@part=\count179
\c@section=\count180
\c@subsection=\count181
\c@subsubsection=\count182
\c@paragraph=\count183
\c@subparagraph=\count184
\c@figure=\count185
\c@table=\count186
\abovecaptionskip=\skip52
\belowcaptionskip=\skip53
\captionindent=\dimen145
\thm@style=\toks20
\thm@bodyfont=\toks21
\thm@headfont=\toks22
\thm@notefont=\toks23
\thm@headpunct=\toks24
\thm@preskip=\skip54
\thm@postskip=\skip55
\thm@headsep=\skip56
\dth@everypar=\toks25
)
(/usr/local/texlive/2020/texmf-dist/tex/latex/geometry/geometry.sty
Package: geometry 2020/01/02 v5.9 Page Geometry

(/usr/local/texlive/2020/texmf-dist/tex/latex/graphics/keyval.sty
Package: keyval 2014/10/28 v1.15 key=value parser (DPC)
\KV@toks@=\toks26
)
(/usr/local/texlive/2020/texmf-dist/tex/generic/iftex/ifvtex.sty
Package: ifvtex 2019/10/25 v1.7 ifvtex legacy package. Use iftex instead.

(/usr/local/texlive/2020/texmf-dist/tex/generic/iftex/iftex.sty
Package: iftex 2020/03/06 v1.0d TeX engine tests
))
\Gm@cnth=\count187
\Gm@cntv=\count188
\c@Gm@tempcnt=\count189
\Gm@bindingoffset=\dimen146
\Gm@wd@mp=\dimen147
\Gm@odd@mp=\dimen148
\Gm@even@mp=\dimen149
\Gm@layoutwidth=\dimen150
\Gm@layoutheight=\dimen151
\Gm@layouthoffset=\dimen152
\Gm@layoutvoffset=\dimen153
\Gm@dimlist=\toks27
)
(/usr/local/texlive/2020/texmf-dist/tex/latex/url/url.sty
\Urlmuskip=\muskip17
Package: url 2013/09/16  ver 3.4  Verb mode for urls, etc.
)
(/usr/local/texlive/2020/texmf-dist/tex/latex/l3backend/l3backend-pdfmode.def
File: l3backend-pdfmode.def 2020-03-12 L3 backend support: PDF mode
\l__kernel_color_stack_int=\count190
\l__pdf_internal_box=\box48
)
(/Users/mason/Documents/LaTex Files/ECM1407/Essay1/main.aux)
\openout1 = `main.aux'.

LaTeX Font Info:    Checking defaults for OML/cmm/m/it on input line 23.
LaTeX Font Info:    ... okay on input line 23.
LaTeX Font Info:    Checking defaults for OMS/cmsy/m/n on input line 23.
LaTeX Font Info:    ... okay on input line 23.
LaTeX Font Info:    Checking defaults for OT1/cmr/m/n on input line 23.
LaTeX Font Info:    ... okay on input line 23.
LaTeX Font Info:    Checking defaults for T1/cmr/m/n on input line 23.
LaTeX Font Info:    ... okay on input line 23.
LaTeX Font Info:    Checking defaults for TS1/cmr/m/n on input line 23.
LaTeX Font Info:    ... okay on input line 23.
LaTeX Font Info:    Checking defaults for OMX/cmex/m/n on input line 23.
LaTeX Font Info:    ... okay on input line 23.
LaTeX Font Info:    Checking defaults for U/cmr/m/n on input line 23.
LaTeX Font Info:    ... okay on input line 23.
LaTeX Font Info:    Trying to load font information for U+msa on input line 23.


(/usr/local/texlive/2020/texmf-dist/tex/latex/amsfonts/umsa.fd
File: umsa.fd 2013/01/14 v3.01 AMS symbols A
)
LaTeX Font Info:    Trying to load font information for U+msb on input line 23.


(/usr/local/texlive/2020/texmf-dist/tex/latex/amsfonts/umsb.fd
File: umsb.fd 2013/01/14 v3.01 AMS symbols B
)
*geometry* driver: auto-detecting
*geometry* detected driver: pdftex
*geometry* verbose mode - [ preamble ] result:
* driver: pdftex
* paper: a4paper
* layout: <same size as paper>
* layoutoffset:(h,v)=(0.0pt,0.0pt)
* modes: twoside 
* h-part:(L,W,R)=(71.70166pt, 418.25368pt, 107.55254pt)
* v-part:(T,H,B)=(101.40665pt, 591.5302pt, 152.11pt)
* \paperwidth=597.50787pt
* \paperheight=845.04684pt
* \textwidth=418.25368pt
* \textheight=591.5302pt
* \oddsidemargin=-0.56833pt
* \evensidemargin=35.28255pt
* \topmargin=7.13666pt
* \headheight=8.0pt
* \headsep=14.0pt
* \topskip=10.0pt
* \footskip=12.0pt
* \marginparwidth=90.0pt
* \marginparsep=11.0pt
* \columnsep=10.0pt
* \skip\footins=7.0pt plus 11.0pt
* \hoffset=0.0pt
* \voffset=0.0pt
* \mag=1000
* \@twocolumnfalse
* \@twosidetrue
* \@mparswitchtrue
* \@reversemarginfalse
* (1in=72.27pt=25.4mm, 1cm=28.453pt)

(/Users/mason/Documents/LaTex Files/ECM1407/Essay1/main.toc)
\tf@toc=\write3
\openout3 = `main.toc'.


Underfull \hbox (badness 10000) in paragraph at lines 31--40

 []

(/Users/mason/Documents/LaTex Files/ECM1407/Essay1/sections/the-solution.tex
Underfull \hbox (badness 10000) in paragraph at lines 3--7

 []

[1{/usr/local/texlive/2020/texmf-var/fonts/map/pdftex/updmap/pdftex.map}]
Underfull \hbox (badness 10000) in paragraph at lines 16--23

 []


Underfull \hbox (badness 10000) in paragraph at lines 31--38

 []

)
Underfull \vbox (badness 10000) has occurred while \output is active []

 [2]
(./sections/why-should-we-do-this.tex
Underfull \hbox (badness 10000) in paragraph at lines 3--9

 []


Underfull \hbox (badness 10000) in paragraph at lines 10--17

 []


Underfull \hbox (badness 10000) in paragraph at lines 18--27

 []

) (./sections/why-shouldn't-we-do-this.tex [3]
Underfull \hbox (badness 10000) in paragraph at lines 17--28

 []


Underfull \vbox (badness 10000) has occurred while \output is active []

 [4]
Underfull \hbox (badness 10000) in paragraph at lines 49--62

 []


./sections/why-shouldn't-we-do-this.tex:102: LaTeX Error: There's no line here 
to end.

See the LaTeX manual or LaTeX Companion for explanation.
Type  H <return>  for immediate help.
 ...                                              
                                                  
l.102 
      
Your command was ignored.
Type  I <command> <return>  to replace it with another command,
or  <return>  to continue without it.


Underfull \vbox (badness 10000) has occurred while \output is active []

 [5])
(./sections/conclusion.tex
Underfull \hbox (badness 10000) in paragraph at lines 21--27

 []

[6]) (/Users/mason/Documents/LaTex Files/ECM1407/Essay1/main.bbl
Underfull \hbox (badness 6842) in paragraph at lines 4--10
[]\OT1/cmr/m/n/10 Ron Alalouff. Why ai and fa-cial recog-ni-tion soft-ware is u
n-der scrutiny for
 []


Underfull \hbox (badness 3386) in paragraph at lines 18--24
[]\OT1/cmr/m/n/10 C. Scott Brown. The huawei ban ex-plained: A com-plete time-l
ine and ev-ery-
 []


Underfull \hbox (badness 2790) in paragraph at lines 18--24
\OT1/cmr/m/n/10 thing you need to know. \OT1/cmr/m/it/10 An-droid Au-thor-ity\O
T1/cmr/m/n/10 , 2020. $\OT1/cmr/m/n/8 https : / / www . androidauthority . com 
/
 []


Underfull \hbox (badness 2932) in paragraph at lines 26--32
[]\OT1/cmr/m/n/10 Ed Clowes. New head of chi-nese in-vestor in hink-ley nu-clea
r plant brings mil-
 []


Underfull \hbox (badness 10000) in paragraph at lines 26--32
\OT1/cmr/m/n/10 i-tary links. \OT1/cmr/m/it/10 The Tele-graph\OT1/cmr/m/n/10 , 
2020. $\OT1/cmr/m/n/8 https : / / www . telegraph . co . uk / business / 2020 /
 08 / 01 /
 []


Underfull \hbox (badness 5460) in paragraph at lines 34--38
[]\OT1/cmr/m/n/10 ETHICS COM-MIT-TEE. Meet-ing on most se-ri-ous vi-o-lence sys
-tem. $\OT1/cmr/m/n/8 https : / / www .
 []


Underfull \hbox (badness 10000) in paragraph at lines 34--38
\OT1/cmr/m/n/8 westmidlands-[]pcc . gov . uk / wp-[]content / uploads / 2019 / 
12 / 27112019-[]EC-[]Item-[]6-[]Minutes-[]and-[]Advice . pdf ?
 []


Underfull \hbox (badness 10000) in paragraph at lines 49--53
[]\OT1/cmr/m/n/10 Scottish Gov-ern-ment. Hate crime and pub-lic or-der (scot-la
nd) bill in-for-ma-
 []


Underfull \hbox (badness 10000) in paragraph at lines 49--53
\OT1/cmr/m/n/10 tion note. $\OT1/cmr/m/n/8 https : / / www . gov . scot / binar
ies / content / documents / govscot / publications / factsheet /
 []


Underfull \hbox (badness 10000) in paragraph at lines 49--53
\OT1/cmr/m/n/8 2020 / 04 / hate-[]crime-[]bill-[]what-[]it-[]will-[]do / docume
nts / hate-[]crime-[]bill-[]general-[]overview-[]note /
 []


Underfull \hbox (badness 10000) in paragraph at lines 49--53
\OT1/cmr/m/n/8 hate-[]crime-[]bill-[]general-[]overview-[]note / govscot % 3Ado
cument / Hate % 2BCrime % 2BBill % 2B-[] %
 []


Underfull \hbox (badness 10000) in paragraph at lines 49--53
\OT1/cmr/m/n/8 2BInformation % 2BNote % 2B-[] % 2BGeneral % 2BOverview % 2BPdf 
% 2B-[] % 2BRevised % 2BAugust % 2B2020 .
 []


Underfull \hbox (badness 10000) in paragraph at lines 62--68
[]\OT1/cmr/m/n/10 Rowland Man-thorpe. Some users of nhs trac-ing app in-cor-rec
tly given
 []


Underfull \hbox (badness 10000) in paragraph at lines 62--68
\OT1/cmr/m/n/10 covid-19 ex-po-sure alerts. \OT1/cmr/m/it/10 Sky News\OT1/cmr/m
/n/10 , 2020. $\OT1/cmr/m/n/8 https : / / news . sky . com / story /
 []


Underfull \hbox (badness 3735) in paragraph at lines 84--89
[]\OT1/cmr/m/n/10 Office Of Na-tional Sta-tis-tics. Crime in eng-land and wales
: year end-ing june
 []

) [7] (/Users/mason/Documents/LaTex Files/ECM1407/Essay1/main.aux) ) 
Here is how much of TeX's memory you used:
 2223 strings out of 480608
 30002 string characters out of 5903630
 279910 words of memory out of 5000000
 17952 multiletter control sequences out of 15000+600000
 538856 words of font info for 50 fonts, out of 8000000 for 9000
 1302 hyphenation exceptions out of 8191
 38i,5n,34p,401b,378s stack positions out of 5000i,500n,10000p,200000b,80000s
</usr/local
/texlive/2020/texmf-dist/fonts/type1/public/amsfonts/cm/cmbx12.pfb></usr/local/
texlive/2020/texmf-dist/fonts/type1/public/amsfonts/cm/cmcsc10.pfb></usr/local/
texlive/2020/texmf-dist/fonts/type1/public/amsfonts/cm/cmr10.pfb></usr/local/te
xlive/2020/texmf-dist/fonts/type1/public/amsfonts/cm/cmr12.pfb></usr/local/texl
ive/2020/texmf-dist/fonts/type1/public/amsfonts/cm/cmr8.pfb></usr/local/texlive
/2020/texmf-dist/fonts/type1/public/amsfonts/cm/cmr9.pfb></usr/local/texlive/20
20/texmf-dist/fonts/type1/public/amsfonts/cm/cmti10.pfb>
Output written on "/Users/mason/Documents/LaTex Files/ECM1407/Essay1/main.pdf" 
(7 pages, 132662 bytes).
PDF statistics:
 56 PDF objects out of 1000 (max. 8388607)
 39 compressed objects within 1 object stream
 0 named destinations out of 1000 (max. 500000)
 1 words of extra memory for PDF output out of 10000 (max. 10000000)

